<?xml version="1.0" encoding="UTF-8"?>
<coverage generated="1788367548378" clover="3.2.0">
  <project timestamp="1788367548378" name="All files">
    <metrics statements="17" coveredstatements="17" conditionals="4" coveredconditionals="4" methods="4" coveredmethods="4" elements="25" coveredelements="25" complexity="0" loc="17" ncloc="17" packages="1" files="2" classes="2"/>
    <file name="queryHelpers.js" path="/Users/mohammedmiah/student-frontend/src/controller/queryHelpers.js">
      <metrics statements="13" coveredstatements="13" conditionals="4" coveredconditionals="4" methods="2" coveredmethods="2"/>
      <line num="1" count="2" type="stmt"/>
      <line num="2" count="2" type="stmt"/>
      <line num="5" count="2" type="stmt"/>
      <line num="24" count="2" type="stmt"/>
      <line num="28" count="2" type="cond" truecount="2" falsecount="0"/>
      <line num="29" count="1" type="stmt"/>
      <line num="32" count="1" type="stmt"/>
      <line num="45" count="3" type="stmt"/>
      <line num="76" count="3" type="stmt"/>
      <line num="87" count="2" type="cond" truecount="2" falsecount="0"/>
      <line num="88" count="1" type="stmt"/>
      <line num="93" count="1" type="stmt"/>
      <line num="213" count="2" type="stmt"/>
    </file>
    <file name="studentService.js" path="/Users/mohammedmiah/student-frontend/src/controller/studentService.js">
      <metrics statements="4" coveredstatements="4" conditionals="0" coveredconditionals="0" methods="2" coveredmethods="2"/>
      <line num="1" count="1" type="stmt"/>
      <line num="7" count="1" type="stmt"/>
      <line num="18" count="1" type="stmt"/>
      <line num="28" count="1" type="stmt"/>
    </file>
  </project>
</coverage>
