{"/Users/mohammedmiah/student-frontend/src/controller/queryHelpers.js": {"path":"/Users/mohammedmiah/student-frontend/src/controller/queryHelpers.js","statementMap":{"0":{"start":{"line":1,"column":14},"end":{"line":1,"column":30}},"1":{"start":{"line":2,"column":20},"end":{"line":2,"column":51}},"2":{"start":{"line":5,"column":18},"end":{"line":22,"column":3}},"3":{"start":{"line":24,"column":21},"end":{"line":26,"column":6}},"4":{"start":{"line":28,"column":4},"end":{"line":30,"column":5}},"5":{"start":{"line":29,"column":8},"end":{"line":29,"column":57}},"6":{"start":{"line":32,"column":4},"end":{"line":32,"column":45}},"7":{"start":{"line":45,"column":21},"end":{"line":74,"column":5}},"8":{"start":{"line":76,"column":21},"end":{"line":85,"column":6}},"9":{"start":{"line":87,"column":4},"end":{"line":91,"column":5}},"10":{"start":{"line":88,"column":8},"end":{"line":90,"column":10}},"11":{"start":{"line":93,"column":4},"end":{"line":93,"column":55}},"12":{"start":{"line":213,"column":0},"end":{"line":215,"column":1}}},"fnMap":{"0":{"name":"getAllStudents","decl":{"start":{"line":4,"column":15},"end":{"line":4,"column":29}},"loc":{"start":{"line":4,"column":32},"end":{"line":34,"column":1}},"line":4},"1":{"name":"createStudentWithSubject","decl":{"start":{"line":37,"column":15},"end":{"line":37,"column":39}},"loc":{"start":{"line":43,"column":2},"end":{"line":94,"column":1}},"line":43}},"branchMap":{"0":{"loc":{"start":{"line":28,"column":4},"end":{"line":30,"column":5}},"type":"if","locations":[{"start":{"line":28,"column":4},"end":{"line":30,"column":5}},{"start":{},"end":{}}],"line":28},"1":{"loc":{"start":{"line":87,"column":4},"end":{"line":91,"column":5}},"type":"if","locations":[{"start":{"line":87,"column":4},"end":{"line":91,"column":5}},{"start":{},"end":{}}],"line":87}},"s":{"0":2,"1":2,"2":2,"3":2,"4":2,"5":1,"6":1,"7":3,"8":3,"9":2,"10":1,"11":1,"12":2},"f":{"0":2,"1":3},"b":{"0":[1,1],"1":[1,1]},"_coverageSchema":"1a1c01bbd47fc00a2c39e90264f33305004495a9","hash":"8b29ec4ac440a5d0ebbfbf5906586a0d7feefc46"}
,"/Users/mohammedmiah/student-frontend/src/controller/studentService.js": {"path":"/Users/mohammedmiah/student-frontend/src/controller/studentService.js","statementMap":{"0":{"start":{"line":1,"column":17},"end":{"line":1,"column":54}},"1":{"start":{"line":7,"column":4},"end":{"line":7,"column":37}},"2":{"start":{"line":18,"column":4},"end":{"line":24,"column":6}},"3":{"start":{"line":28,"column":0},"end":{"line":30,"column":2}}},"fnMap":{"0":{"name":"getAllStudents","decl":{"start":{"line":5,"column":15},"end":{"line":5,"column":29}},"loc":{"start":{"line":5,"column":32},"end":{"line":8,"column":1}},"line":5},"1":{"name":"createStudentWithSubject","decl":{"start":{"line":10,"column":15},"end":{"line":10,"column":39}},"loc":{"start":{"line":16,"column":43},"end":{"line":25,"column":1}},"line":16}},"branchMap":{},"s":{"0":1,"1":1,"2":1,"3":1},"f":{"0":1,"1":1},"b":{},"_coverageSchema":"1a1c01bbd47fc00a2c39e90264f33305004495a9","hash":"aec78ebc74990d1d104f7b8729d1594f0b87be24"}
}
