TN:
SF:src/controller/queryHelpers.js
FN:4,getAllStudents
FN:37,createStudentWithSubject
FNF:2
FNH:2
FNDA:2,getAllStudents
FNDA:3,createStudentWithSubject
DA:1,2
DA:2,2
DA:5,2
DA:24,2
DA:28,2
DA:29,1
DA:32,1
DA:45,3
DA:76,3
DA:87,2
DA:88,1
DA:93,1
DA:213,2
LF:13
LH:13
BRDA:28,0,0,1
BRDA:28,0,1,1
BRDA:87,1,0,1
BRDA:87,1,1,1
BRF:4
BRH:4
end_of_record
TN:
SF:src/controller/studentService.js
FN:5,getAllStudents
FN:10,createStudentWithSubject
FNF:2
FNH:2
FNDA:1,getAllStudents
FNDA:1,createStudentWithSubject
DA:1,1
DA:7,1
DA:18,1
DA:28,1
LF:4
LH:4
BRF:0
BRH:0
end_of_record
